11.0026041667
11.0677083333
11.0026041667
11.0026041667
11.0026041667
11.1979166667
11.2630208333
11.2630208333
11.2630208333
11.2630208333
11.2630208333
11.2630208333
11.2630208333
11.2630208333
11.2630208333
11.2630208333
11.2630208333
11.328125
11.328125
11.1979166667
11.1979166667
11.1979166667
11.1979166667
11.1979166667
11.2630208333
11.2630208333
11.2630208333
11.3932291667
11.3932291667
11.3932291667
11.4583333333
11.5234375
11.5234375
11.5234375
11.5234375
11.5234375
11.5234375
11.5234375
11.5234375
11.5885416667
11.5885416667
11.5885416667
11.5885416667
11.6536458333
11.6536458333
11.7838541667
11.7838541667
11.7838541667
11.7838541667
11.7838541667
11.8489583333
11.9140625
11.9791666667
11.9791666667
11.9791666667
12.1744791667
12.1744791667
12.1744791667
12.1744791667
12.1744791667
12.1744791667
12.2395833333
12.2395833333
12.3046875
12.3046875
12.3046875
12.3046875
12.3046875
12.3046875
12.3046875
12.3046875
12.3046875
12.3046875
12.3046875
12.3046875
12.3046875
12.3046875
12.3046875
12.3046875
12.3046875
12.3046875
12.3046875
12.3046875
12.3697916667
12.3697916667
12.3697916667
12.3697916667
12.3697916667
12.3697916667
12.3697916667
12.3697916667
12.3697916667
12.4348958333
12.4348958333
12.4348958333
12.5
12.5
12.5
12.4348958333
12.5
12.5
12.4348958333
12.5
12.5
12.5651041667
12.6302083333
12.6302083333
12.6302083333
12.6302083333
12.6302083333
12.6302083333
12.6302083333
12.6302083333
12.6302083333
12.6953125
12.6953125
12.8255208333
12.8255208333
12.7604166667
12.7604166667
12.7604166667
12.7604166667
12.7604166667
12.7604166667
12.7604166667
12.7604166667
12.7604166667
12.7604166667
12.8255208333
12.8255208333
12.8255208333
12.8255208333
12.9557291667
12.9557291667
12.9557291667
12.9557291667
12.9557291667
12.9557291667
12.9557291667
12.9557291667
12.9557291667
12.9557291667
12.9557291667
12.9557291667
12.9557291667
12.9557291667
12.9557291667
12.9557291667
12.9557291667
12.890625
12.890625
12.890625
12.890625
12.890625
12.890625
12.8255208333
12.8255208333
12.8255208333
12.8255208333
12.8255208333
12.8255208333
12.8255208333
12.8255208333
12.8255208333
12.8255208333
12.8255208333
12.8255208333
12.8255208333
12.8255208333
12.8255208333
12.8255208333
12.7604166667
12.7604166667
12.7604166667
12.7604166667
12.7604166667
13.0859375
13.0859375
13.0859375
13.0859375
13.0859375
13.0859375
13.0859375
13.0208333333
13.0208333333
13.0859375
13.0859375
13.0859375
13.0859375
13.0859375
13.1510416667
13.1510416667
13.1510416667
13.0859375
13.1510416667
13.1510416667
13.1510416667
13.1510416667
13.2161458333
13.28125
13.28125
