11.1908646003
11.2234910277
11.2561174551
11.2561174551
11.32137031
11.6150081566
11.6150081566
11.6150081566
11.6150081566
11.5497553018
11.6802610114
11.647634584
11.6802610114
11.7455138662
11.7781402936
11.8433931485
11.8433931485
11.8433931485
11.8760195759
11.9738988581
11.9738988581
12.0065252855
12.0391517129
12.0391517129
12.1044045677
12.1044045677
12.1044045677
12.1696574225
12.2022838499
12.2022838499
12.2022838499
12.1696574225
12.1696574225
12.2022838499
12.2022838499
12.2022838499
12.2022838499
12.2349102773
12.2349102773
12.2675367047
12.2675367047
12.2675367047
12.2675367047
12.3001631321
12.3001631321
12.3001631321
12.3327895595
12.3001631321
12.3001631321
12.3001631321
12.3001631321
12.3001631321
12.3327895595
12.3327895595
12.3327895595
12.3654159869
12.3980424144
12.3980424144
12.3980424144
12.3980424144
12.3980424144
12.3980424144
12.3980424144
12.4632952692
12.4632952692
12.528548124
12.5611745514
12.5938009788
12.5938009788
12.5938009788
12.5611745514
12.5611745514
12.6264274062
12.6264274062
12.6264274062
12.691680261
12.691680261
12.691680261
12.691680261
12.6590538336
12.6590538336
12.6590538336
12.6264274062
12.6264274062
12.6264274062
12.6264274062
12.5938009788
12.6264274062
12.6264274062
12.6264274062
12.6264274062
12.6264274062
12.6590538336
12.691680261
12.691680261
12.8221859706
12.8221859706
12.8221859706
12.8221859706
12.8221859706
12.8221859706
12.7895595432
12.7895595432
12.854812398
12.8874388254
12.9853181077
12.9853181077
12.9853181077
12.9853181077
12.9853181077
12.9853181077
12.9853181077
13.0179445351
13.0831973899
13.1484502447
13.1484502447
13.1484502447
13.1484502447
13.1484502447
13.1484502447
13.1810766721
13.1810766721
13.1810766721
13.1810766721
13.2463295269
13.3115823817
13.3115823817
13.3115823817
13.3115823817
13.3442088091
13.3442088091
13.3442088091
13.3442088091
13.3442088091
13.3442088091
13.3768352365
13.3768352365
13.4094616639
13.4094616639
13.4094616639
13.4094616639
13.3768352365
13.3768352365
13.3768352365
13.3768352365
13.3768352365
13.3768352365
13.3442088091
13.3442088091
13.3442088091
13.3442088091
13.3442088091
13.3442088091
13.3442088091
13.3442088091
13.4094616639
13.4094616639
13.4094616639
13.3768352365
13.3768352365
13.3768352365
13.3768352365
13.4094616639
13.4094616639
13.3768352365
13.3768352365
13.3768352365
13.3768352365
13.3768352365
13.4094616639
13.4094616639
13.4094616639
13.4094616639
13.4094616639
13.572593801
13.6378466558
13.9967373573
13.9641109299
13.9641109299
13.9641109299
13.9641109299
13.9967373573
13.9967373573
13.9967373573
14.0293637847
14.0619902121
14.0619902121
14.0619902121
14.0619902121
14.0946166395
14.0946166395
14.0946166395
14.0946166395
14.0946166395
14.0946166395
14.0946166395
14.0946166395
14.0946166395
13.9967373573
13.9967373573
13.9967373573
